Build started 2015-09-14 10:36:42 AM.
     1>Project "D:\Notes\BCIT\Semester 4\COMP4985\WINPROJ1\Assignment-01\New folder (2)\DcommAsn01\DcommAsn01\DcommAsn01.vcxproj" on node 2 (build target(s)).
     1>InitializeBuildStatus:
         Creating "Debug\DcommAsn01.unsuccessfulbuild" because "AlwaysCreate" was specified.
       ClCompile:
         C:\Program Files (x86)\Microsoft Visual Studio 10.0\VC\bin\CL.exe /c /ZI /nologo /W3 /WX- /Od /Oy- /D WIN32 /D _DEBUG /D _WINDOWS /D _UNICODE /D UNICODE /Gm /EHsc /RTC1 /MDd /GS /fp:precise /Zc:wchar_t /Zc:forScope /Fo"Debug\\" /Fd"Debug\vc100.pdb" /Gd /TP /analyze- /errorReport:prompt Terminal.cpp
         Terminal.cpp
       ResourceCompile:
         C:\Program Files (x86)\Microsoft SDKs\Windows\v7.0A\bin\rc.exe /D _UNICODE /D UNICODE /l"0x0409" /nologo /fo"Debug\winmenu2.res" winmenu2.rc 
       ManifestResourceCompile:
         C:\Program Files (x86)\Microsoft SDKs\Windows\v7.0A\bin\rc.exe /nologo /fo"Debug\DcommAsn01.exe.embed.manifest.res" Debug\DcommAsn01_manifest.rc 
       Link:
         C:\Program Files (x86)\Microsoft Visual Studio 10.0\VC\bin\link.exe /ERRORREPORT:PROMPT /OUT:"D:\Notes\BCIT\Semester 4\COMP4985\WINPROJ1\Assignment-01\New folder (2)\DcommAsn01\Debug\DcommAsn01.exe" /INCREMENTAL /NOLOGO kernel32.lib user32.lib gdi32.lib winspool.lib comdlg32.lib advapi32.lib shell32.lib ole32.lib oleaut32.lib uuid.lib odbc32.lib odbccp32.lib /MANIFEST /ManifestFile:"Debug\DcommAsn01.exe.intermediate.manifest" /MANIFESTUAC:"level='asInvoker' uiAccess='false'" /DEBUG /PDB:"D:\Notes\BCIT\Semester 4\COMP4985\WINPROJ1\Assignment-01\New folder (2)\DcommAsn01\Debug\DcommAsn01.pdb" /SUBSYSTEM:WINDOWS /TLBID:1 /DYNAMICBASE /NXCOMPAT /IMPLIB:"D:\Notes\BCIT\Semester 4\COMP4985\WINPROJ1\Assignment-01\New folder (2)\DcommAsn01\Debug\DcommAsn01.lib" /MACHINE:X86 Debug\winmenu2.res
         Debug\DcommAsn01.exe.embed.manifest.res
         Debug\Terminal.obj
       Manifest:
         Deleting file "Debug\DcommAsn01.exe.embed.manifest".
         C:\Program Files (x86)\Microsoft SDKs\Windows\v7.0A\bin\mt.exe /nologo /verbose /out:"Debug\DcommAsn01.exe.embed.manifest" /manifest Debug\DcommAsn01.exe.intermediate.manifest
         C:\Program Files (x86)\Microsoft SDKs\Windows\v7.0A\bin\rc.exe /nologo /fo"Debug\DcommAsn01.exe.embed.manifest.res" Debug\DcommAsn01_manifest.rc 
       LinkEmbedManifest:
         C:\Program Files (x86)\Microsoft Visual Studio 10.0\VC\bin\link.exe /ERRORREPORT:PROMPT /OUT:"D:\Notes\BCIT\Semester 4\COMP4985\WINPROJ1\Assignment-01\New folder (2)\DcommAsn01\Debug\DcommAsn01.exe" /INCREMENTAL /NOLOGO kernel32.lib user32.lib gdi32.lib winspool.lib comdlg32.lib advapi32.lib shell32.lib ole32.lib oleaut32.lib uuid.lib odbc32.lib odbccp32.lib /MANIFEST /ManifestFile:"Debug\DcommAsn01.exe.intermediate.manifest" /MANIFESTUAC:"level='asInvoker' uiAccess='false'" /DEBUG /PDB:"D:\Notes\BCIT\Semester 4\COMP4985\WINPROJ1\Assignment-01\New folder (2)\DcommAsn01\Debug\DcommAsn01.pdb" /SUBSYSTEM:WINDOWS /TLBID:1 /DYNAMICBASE /NXCOMPAT /IMPLIB:"D:\Notes\BCIT\Semester 4\COMP4985\WINPROJ1\Assignment-01\New folder (2)\DcommAsn01\Debug\DcommAsn01.lib" /MACHINE:X86 Debug\winmenu2.res
         Debug\DcommAsn01.exe.embed.manifest.res
         Debug\Terminal.obj
         DcommAsn01.vcxproj -> D:\Notes\BCIT\Semester 4\COMP4985\WINPROJ1\Assignment-01\New folder (2)\DcommAsn01\Debug\DcommAsn01.exe
       FinalizeBuildStatus:
         Deleting file "Debug\DcommAsn01.unsuccessfulbuild".
         Touching "Debug\DcommAsn01.lastbuildstate".
     1>Done Building Project "D:\Notes\BCIT\Semester 4\COMP4985\WINPROJ1\Assignment-01\New folder (2)\DcommAsn01\DcommAsn01\DcommAsn01.vcxproj" (build target(s)).

Build succeeded.

Time Elapsed 00:00:08.60
